[0.757s] Invoking command in '/home/cinvestav/project_ws/src/my_nav': PYTHONPATH=/home/cinvestav/project_ws/src/my_nav/build/my_nav/prefix_override:/home/cinvestav/project_ws/src/my_nav/install/my_nav/lib/python3.10/site-packages:${PYTHONPATH} /usr/bin/python3 setup.py egg_info --egg-base build/my_nav build --build-base /home/cinvestav/project_ws/src/my_nav/build/my_nav/build install --record /home/cinvestav/project_ws/src/my_nav/build/my_nav/install.log --single-version-externally-managed
[1.013s] running egg_info
[1.014s] creating build/my_nav/my_nav.egg-info
[1.014s] writing build/my_nav/my_nav.egg-info/PKG-INFO
[1.014s] writing dependency_links to build/my_nav/my_nav.egg-info/dependency_links.txt
[1.014s] writing entry points to build/my_nav/my_nav.egg-info/entry_points.txt
[1.014s] writing requirements to build/my_nav/my_nav.egg-info/requires.txt
[1.014s] writing top-level names to build/my_nav/my_nav.egg-info/top_level.txt
[1.015s] writing manifest file 'build/my_nav/my_nav.egg-info/SOURCES.txt'
[1.016s] reading manifest file 'build/my_nav/my_nav.egg-info/SOURCES.txt'
[1.017s] writing manifest file 'build/my_nav/my_nav.egg-info/SOURCES.txt'
[1.017s] running build
[1.017s] running build_py
[1.018s] creating /home/cinvestav/project_ws/src/my_nav/build/my_nav/build
[1.018s] creating /home/cinvestav/project_ws/src/my_nav/build/my_nav/build/lib
[1.018s] creating /home/cinvestav/project_ws/src/my_nav/build/my_nav/build/lib/my_nav
[1.018s] copying my_nav/__init__.py -> /home/cinvestav/project_ws/src/my_nav/build/my_nav/build/lib/my_nav
[1.018s] copying my_nav/python_node.py -> /home/cinvestav/project_ws/src/my_nav/build/my_nav/build/lib/my_nav
[1.018s] running install
[1.018s] /usr/lib/python3/dist-packages/setuptools/command/install.py:34: SetuptoolsDeprecationWarning: setup.py install is deprecated. Use build and pip and other standards-based tools.
[1.018s]   warnings.warn(
[1.019s] running install_lib
[1.020s] creating /home/cinvestav/project_ws/src/my_nav/install/my_nav/lib/python3.10/site-packages/my_nav
[1.020s] copying /home/cinvestav/project_ws/src/my_nav/build/my_nav/build/lib/my_nav/__init__.py -> /home/cinvestav/project_ws/src/my_nav/install/my_nav/lib/python3.10/site-packages/my_nav
[1.020s] copying /home/cinvestav/project_ws/src/my_nav/build/my_nav/build/lib/my_nav/python_node.py -> /home/cinvestav/project_ws/src/my_nav/install/my_nav/lib/python3.10/site-packages/my_nav
[1.020s] byte-compiling /home/cinvestav/project_ws/src/my_nav/install/my_nav/lib/python3.10/site-packages/my_nav/__init__.py to __init__.cpython-310.pyc
[1.021s] byte-compiling /home/cinvestav/project_ws/src/my_nav/install/my_nav/lib/python3.10/site-packages/my_nav/python_node.py to python_node.cpython-310.pyc
[1.021s] running install_data
[1.022s] creating /home/cinvestav/project_ws/src/my_nav/install/my_nav/share/ament_index
[1.022s] creating /home/cinvestav/project_ws/src/my_nav/install/my_nav/share/ament_index/resource_index
[1.022s] creating /home/cinvestav/project_ws/src/my_nav/install/my_nav/share/ament_index/resource_index/packages
[1.023s] copying resource/my_nav -> /home/cinvestav/project_ws/src/my_nav/install/my_nav/share/ament_index/resource_index/packages
[1.023s] copying package.xml -> /home/cinvestav/project_ws/src/my_nav/install/my_nav/share/my_nav
[1.023s] running install_egg_info
[1.025s] Copying build/my_nav/my_nav.egg-info to /home/cinvestav/project_ws/src/my_nav/install/my_nav/lib/python3.10/site-packages/my_nav-0.0.0-py3.10.egg-info
[1.026s] running install_scripts
[1.043s] Installing python_node script to /home/cinvestav/project_ws/src/my_nav/install/my_nav/lib/my_nav
[1.044s] writing list of installed files to '/home/cinvestav/project_ws/src/my_nav/build/my_nav/install.log'
[1.064s] Invoked command in '/home/cinvestav/project_ws/src/my_nav' returned '0': PYTHONPATH=/home/cinvestav/project_ws/src/my_nav/build/my_nav/prefix_override:/home/cinvestav/project_ws/src/my_nav/install/my_nav/lib/python3.10/site-packages:${PYTHONPATH} /usr/bin/python3 setup.py egg_info --egg-base build/my_nav build --build-base /home/cinvestav/project_ws/src/my_nav/build/my_nav/build install --record /home/cinvestav/project_ws/src/my_nav/build/my_nav/install.log --single-version-externally-managed
