[1.043s] DEBUG:colcon:Command line arguments: ['/usr/bin/colcon', 'build']
[1.043s] DEBUG:colcon:Parsed command line arguments: Namespace(log_base=None, log_level=None, verb_name='build', build_base='build', install_base='install', merge_install=False, symlink_install=False, test_result_base=None, continue_on_error=False, executor='parallel', parallel_workers=8, event_handlers=None, ignore_user_meta=False, metas=['./colcon.meta'], base_paths=['.'], packages_ignore=None, packages_ignore_regex=None, paths=None, packages_up_to=None, packages_up_to_regex=None, packages_above=None, packages_above_and_dependencies=None, packages_above_depth=None, packages_select_by_dep=None, packages_skip_by_dep=None, packages_skip_up_to=None, packages_select_build_failed=False, packages_skip_build_finished=False, packages_select_test_failures=False, packages_skip_test_passed=False, packages_select=None, packages_skip=None, packages_select_regex=None, packages_skip_regex=None, packages_start=None, packages_end=None, allow_overriding=[], cmake_args=None, cmake_target=None, cmake_target_skip_unavailable=False, cmake_clean_cache=False, cmake_clean_first=False, cmake_force_configure=False, ament_cmake_args=None, catkin_cmake_args=None, catkin_skip_building_tests=False, verb_parser=<colcon_defaults.argument_parser.defaults.DefaultArgumentsDecorator object at 0x7fe314dbf100>, verb_extension=<colcon_core.verb.build.BuildVerb object at 0x7fe314dbe7d0>, main=<bound method BuildVerb.main of <colcon_core.verb.build.BuildVerb object at 0x7fe314dbe7d0>>)
[1.090s] Level 1:colcon.colcon_core.package_discovery:discover_packages(colcon_meta) check parameters
[1.090s] Level 1:colcon.colcon_core.package_discovery:discover_packages(recursive) check parameters
[1.090s] Level 1:colcon.colcon_core.package_discovery:discover_packages(ignore) check parameters
[1.090s] Level 1:colcon.colcon_core.package_discovery:discover_packages(path) check parameters
[1.090s] Level 1:colcon.colcon_core.package_discovery:discover_packages(colcon_meta) discover
[1.090s] Level 1:colcon.colcon_core.package_discovery:discover_packages(recursive) discover
[1.090s] INFO:colcon.colcon_core.package_discovery:Crawling recursively for packages in '/home/cinvestav/project_ws/src/my_nav'
[1.090s] Level 1:colcon.colcon_core.package_identification:_identify(.) by extensions ['ignore', 'ignore_ament_install']
[1.090s] Level 1:colcon.colcon_core.package_identification:_identify(.) by extension 'ignore'
[1.090s] Level 1:colcon.colcon_core.package_identification:_identify(.) by extension 'ignore_ament_install'
[1.090s] Level 1:colcon.colcon_core.package_identification:_identify(.) by extensions ['colcon_pkg']
[1.090s] Level 1:colcon.colcon_core.package_identification:_identify(.) by extension 'colcon_pkg'
[1.090s] Level 1:colcon.colcon_core.package_identification:_identify(.) by extensions ['colcon_meta']
[1.091s] Level 1:colcon.colcon_core.package_identification:_identify(.) by extension 'colcon_meta'
[1.091s] Level 1:colcon.colcon_core.package_identification:_identify(.) by extensions ['ros']
[1.091s] Level 1:colcon.colcon_core.package_identification:_identify(.) by extension 'ros'
[1.102s] DEBUG:colcon.colcon_core.package_identification:Package '.' with type 'ros.ament_python' and name 'my_nav'
[1.102s] Level 1:colcon.colcon_core.package_discovery:discover_packages(recursive) using defaults
[1.102s] Level 1:colcon.colcon_core.package_discovery:discover_packages(ignore) discover
[1.102s] Level 1:colcon.colcon_core.package_discovery:discover_packages(ignore) using defaults
[1.102s] Level 1:colcon.colcon_core.package_discovery:discover_packages(path) discover
[1.102s] Level 1:colcon.colcon_core.package_discovery:discover_packages(path) using defaults
[1.198s] Level 1:colcon.colcon_core.package_discovery:discover_packages(prefix_path) check parameters
[1.198s] Level 1:colcon.colcon_core.package_discovery:discover_packages(prefix_path) discover
[1.229s] DEBUG:colcon.colcon_installed_package_information.package_discovery:Found 2 installed packages in /home/cinvestav/project_ws/install
[1.244s] DEBUG:colcon.colcon_installed_package_information.package_discovery:Found 2 installed packages in /home/cinvestav/project_ws/src/install
[1.261s] DEBUG:colcon.colcon_installed_package_information.package_discovery:Found 1 installed packages in /home/cinvestav/install
[1.286s] DEBUG:colcon.colcon_installed_package_information.package_discovery:Found 1 installed packages in /home/cinvestav/dev_ws/install
[1.302s] DEBUG:colcon.colcon_installed_package_information.package_discovery:Found 1 installed packages in /home/cinvestav/project_ws/src/my_nav/install
[1.318s] DEBUG:colcon.colcon_installed_package_information.package_discovery:Found 385 installed packages in /opt/ros/humble
[1.320s] Level 1:colcon.colcon_core.package_discovery:discover_packages(prefix_path) using defaults
[1.425s] Level 5:colcon.colcon_core.verb:set package 'my_nav' build argument 'cmake_args' from command line to 'None'
[1.425s] Level 5:colcon.colcon_core.verb:set package 'my_nav' build argument 'cmake_target' from command line to 'None'
[1.425s] Level 5:colcon.colcon_core.verb:set package 'my_nav' build argument 'cmake_target_skip_unavailable' from command line to 'False'
[1.425s] Level 5:colcon.colcon_core.verb:set package 'my_nav' build argument 'cmake_clean_cache' from command line to 'False'
[1.425s] Level 5:colcon.colcon_core.verb:set package 'my_nav' build argument 'cmake_clean_first' from command line to 'False'
[1.425s] Level 5:colcon.colcon_core.verb:set package 'my_nav' build argument 'cmake_force_configure' from command line to 'False'
[1.425s] Level 5:colcon.colcon_core.verb:set package 'my_nav' build argument 'ament_cmake_args' from command line to 'None'
[1.425s] Level 5:colcon.colcon_core.verb:set package 'my_nav' build argument 'catkin_cmake_args' from command line to 'None'
[1.425s] Level 5:colcon.colcon_core.verb:set package 'my_nav' build argument 'catkin_skip_building_tests' from command line to 'False'
[1.425s] DEBUG:colcon.colcon_core.verb:Building package 'my_nav' with the following arguments: {'ament_cmake_args': None, 'build_base': '/home/cinvestav/project_ws/src/my_nav/build/my_nav', 'catkin_cmake_args': None, 'catkin_skip_building_tests': False, 'cmake_args': None, 'cmake_clean_cache': False, 'cmake_clean_first': False, 'cmake_force_configure': False, 'cmake_target': None, 'cmake_target_skip_unavailable': False, 'install_base': '/home/cinvestav/project_ws/src/my_nav/install/my_nav', 'merge_install': False, 'path': '/home/cinvestav/project_ws/src/my_nav', 'symlink_install': False, 'test_result_base': None}
[1.441s] INFO:colcon.colcon_core.executor:Executing jobs using 'parallel' executor
[1.458s] DEBUG:colcon.colcon_parallel_executor.executor.parallel:run_until_complete
[1.459s] INFO:colcon.colcon_ros.task.ament_python.build:Building ROS package in '/home/cinvestav/project_ws/src/my_nav' with build type 'ament_python'
[1.459s] Level 1:colcon.colcon_core.shell:create_environment_hook('my_nav', 'ament_prefix_path')
[1.477s] INFO:colcon.colcon_core.plugin_system:Skipping extension 'colcon_core.shell.bat': Not used on non-Windows systems
[1.478s] INFO:colcon.colcon_core.shell:Creating environment hook '/home/cinvestav/project_ws/src/my_nav/install/my_nav/share/my_nav/hook/ament_prefix_path.ps1'
[1.478s] INFO:colcon.colcon_core.shell:Creating environment descriptor '/home/cinvestav/project_ws/src/my_nav/install/my_nav/share/my_nav/hook/ament_prefix_path.dsv'
[1.479s] INFO:colcon.colcon_core.shell:Creating environment hook '/home/cinvestav/project_ws/src/my_nav/install/my_nav/share/my_nav/hook/ament_prefix_path.sh'
[1.495s] INFO:colcon.colcon_core.shell:Skip shell extension 'powershell' for command environment: Not usable outside of PowerShell
[1.496s] DEBUG:colcon.colcon_core.shell:Skip shell extension 'dsv' for command environment
[1.857s] INFO:colcon.colcon_core.task.python.build:Building Python package in '/home/cinvestav/project_ws/src/my_nav'
[1.873s] INFO:colcon.colcon_core.shell:Skip shell extension 'powershell' for command environment: Not usable outside of PowerShell
[1.873s] DEBUG:colcon.colcon_core.shell:Skip shell extension 'dsv' for command environment
[2.352s] DEBUG:colcon.colcon_core.event_handler.log_command:Invoking command in '/home/cinvestav/project_ws/src/my_nav': PYTHONPATH=/home/cinvestav/project_ws/src/my_nav/build/my_nav/prefix_override:/home/cinvestav/project_ws/src/my_nav/install/my_nav/lib/python3.10/site-packages:${PYTHONPATH} /usr/bin/python3 setup.py egg_info --egg-base build/my_nav build --build-base /home/cinvestav/project_ws/src/my_nav/build/my_nav/build install --record /home/cinvestav/project_ws/src/my_nav/build/my_nav/install.log --single-version-externally-managed
[2.657s] DEBUG:colcon.colcon_core.event_handler.log_command:Invoked command in '/home/cinvestav/project_ws/src/my_nav' returned '0': PYTHONPATH=/home/cinvestav/project_ws/src/my_nav/build/my_nav/prefix_override:/home/cinvestav/project_ws/src/my_nav/install/my_nav/lib/python3.10/site-packages:${PYTHONPATH} /usr/bin/python3 setup.py egg_info --egg-base build/my_nav build --build-base /home/cinvestav/project_ws/src/my_nav/build/my_nav/build install --record /home/cinvestav/project_ws/src/my_nav/build/my_nav/install.log --single-version-externally-managed
[2.682s] Level 1:colcon.colcon_core.environment:checking '/home/cinvestav/project_ws/src/my_nav/install/my_nav' for CMake module files
[2.683s] Level 1:colcon.colcon_core.environment:checking '/home/cinvestav/project_ws/src/my_nav/install/my_nav' for CMake config files
[2.684s] Level 1:colcon.colcon_core.environment:checking '/home/cinvestav/project_ws/src/my_nav/install/my_nav/lib'
[2.684s] Level 1:colcon.colcon_core.environment:checking '/home/cinvestav/project_ws/src/my_nav/install/my_nav/bin'
[2.684s] Level 1:colcon.colcon_core.environment:checking '/home/cinvestav/project_ws/src/my_nav/install/my_nav/lib/pkgconfig/my_nav.pc'
[2.684s] Level 1:colcon.colcon_core.environment:checking '/home/cinvestav/project_ws/src/my_nav/install/my_nav/lib/python3.10/site-packages'
[2.684s] Level 1:colcon.colcon_core.shell:create_environment_hook('my_nav', 'pythonpath')
[2.703s] INFO:colcon.colcon_core.shell:Creating environment hook '/home/cinvestav/project_ws/src/my_nav/install/my_nav/share/my_nav/hook/pythonpath.ps1'
[2.703s] INFO:colcon.colcon_core.shell:Creating environment descriptor '/home/cinvestav/project_ws/src/my_nav/install/my_nav/share/my_nav/hook/pythonpath.dsv'
[2.704s] INFO:colcon.colcon_core.shell:Creating environment hook '/home/cinvestav/project_ws/src/my_nav/install/my_nav/share/my_nav/hook/pythonpath.sh'
[2.704s] Level 1:colcon.colcon_core.environment:checking '/home/cinvestav/project_ws/src/my_nav/install/my_nav/bin'
[2.704s] Level 1:colcon.colcon_core.environment:create_environment_scripts_only(my_nav)
[2.722s] INFO:colcon.colcon_core.shell:Creating package script '/home/cinvestav/project_ws/src/my_nav/install/my_nav/share/my_nav/package.ps1'
[2.723s] INFO:colcon.colcon_core.shell:Creating package descriptor '/home/cinvestav/project_ws/src/my_nav/install/my_nav/share/my_nav/package.dsv'
[2.724s] INFO:colcon.colcon_core.shell:Creating package script '/home/cinvestav/project_ws/src/my_nav/install/my_nav/share/my_nav/package.sh'
[2.725s] INFO:colcon.colcon_core.shell:Creating package script '/home/cinvestav/project_ws/src/my_nav/install/my_nav/share/my_nav/package.bash'
[2.725s] INFO:colcon.colcon_core.shell:Creating package script '/home/cinvestav/project_ws/src/my_nav/install/my_nav/share/my_nav/package.zsh'
[2.726s] Level 1:colcon.colcon_core.environment:create_file_with_runtime_dependencies(/home/cinvestav/project_ws/src/my_nav/install/my_nav/share/colcon-core/packages/my_nav)
[2.726s] DEBUG:colcon.colcon_parallel_executor.executor.parallel:closing loop
[2.726s] DEBUG:colcon.colcon_parallel_executor.executor.parallel:loop closed
[2.726s] DEBUG:colcon.colcon_parallel_executor.executor.parallel:run_until_complete finished with '0'
[2.726s] DEBUG:colcon.colcon_core.event_reactor:joining thread
[2.746s] INFO:colcon.colcon_core.plugin_system:Skipping extension 'colcon_notification.desktop_notification.terminal_notifier': Not used on non-Darwin systems
[2.746s] INFO:colcon.colcon_core.plugin_system:Skipping extension 'colcon_notification.desktop_notification.win32': Not used on non-Windows systems
[2.746s] INFO:colcon.colcon_notification.desktop_notification:Sending desktop notification using 'notify2'
[2.760s] DEBUG:colcon.colcon_core.event_reactor:joined thread
[2.781s] INFO:colcon.colcon_core.shell:Creating prefix script '/home/cinvestav/project_ws/src/my_nav/install/local_setup.ps1'
[2.781s] INFO:colcon.colcon_core.shell:Creating prefix util module '/home/cinvestav/project_ws/src/my_nav/install/_local_setup_util_ps1.py'
[2.782s] INFO:colcon.colcon_core.shell:Creating prefix chain script '/home/cinvestav/project_ws/src/my_nav/install/setup.ps1'
[2.804s] INFO:colcon.colcon_core.shell:Creating prefix script '/home/cinvestav/project_ws/src/my_nav/install/local_setup.sh'
[2.804s] INFO:colcon.colcon_core.shell:Creating prefix util module '/home/cinvestav/project_ws/src/my_nav/install/_local_setup_util_sh.py'
[2.805s] INFO:colcon.colcon_core.shell:Creating prefix chain script '/home/cinvestav/project_ws/src/my_nav/install/setup.sh'
[2.826s] INFO:colcon.colcon_core.shell:Creating prefix script '/home/cinvestav/project_ws/src/my_nav/install/local_setup.bash'
[2.827s] INFO:colcon.colcon_core.shell:Creating prefix chain script '/home/cinvestav/project_ws/src/my_nav/install/setup.bash'
[2.844s] INFO:colcon.colcon_core.shell:Creating prefix script '/home/cinvestav/project_ws/src/my_nav/install/local_setup.zsh'
[2.845s] INFO:colcon.colcon_core.shell:Creating prefix chain script '/home/cinvestav/project_ws/src/my_nav/install/setup.zsh'
