[0.972s] DEBUG:colcon:Command line arguments: ['/usr/bin/colcon', 'build']
[0.972s] DEBUG:colcon:Parsed command line arguments: Namespace(log_base=None, log_level=None, verb_name='build', build_base='build', install_base='install', merge_install=False, symlink_install=False, test_result_base=None, continue_on_error=False, executor='parallel', parallel_workers=8, event_handlers=None, ignore_user_meta=False, metas=['./colcon.meta'], base_paths=['.'], packages_ignore=None, packages_ignore_regex=None, paths=None, packages_up_to=None, packages_up_to_regex=None, packages_above=None, packages_above_and_dependencies=None, packages_above_depth=None, packages_select_by_dep=None, packages_skip_by_dep=None, packages_skip_up_to=None, packages_select_build_failed=False, packages_skip_build_finished=False, packages_select_test_failures=False, packages_skip_test_passed=False, packages_select=None, packages_skip=None, packages_select_regex=None, packages_skip_regex=None, packages_start=None, packages_end=None, allow_overriding=[], cmake_args=None, cmake_target=None, cmake_target_skip_unavailable=False, cmake_clean_cache=False, cmake_clean_first=False, cmake_force_configure=False, ament_cmake_args=None, catkin_cmake_args=None, catkin_skip_building_tests=False, verb_parser=<colcon_defaults.argument_parser.defaults.DefaultArgumentsDecorator object at 0x7f0b3c0f3130>, verb_extension=<colcon_core.verb.build.BuildVerb object at 0x7f0b3c0f2800>, main=<bound method BuildVerb.main of <colcon_core.verb.build.BuildVerb object at 0x7f0b3c0f2800>>)
[1.016s] Level 1:colcon.colcon_core.package_discovery:discover_packages(colcon_meta) check parameters
[1.016s] Level 1:colcon.colcon_core.package_discovery:discover_packages(recursive) check parameters
[1.016s] Level 1:colcon.colcon_core.package_discovery:discover_packages(ignore) check parameters
[1.016s] Level 1:colcon.colcon_core.package_discovery:discover_packages(path) check parameters
[1.016s] Level 1:colcon.colcon_core.package_discovery:discover_packages(colcon_meta) discover
[1.016s] Level 1:colcon.colcon_core.package_discovery:discover_packages(recursive) discover
[1.016s] INFO:colcon.colcon_core.package_discovery:Crawling recursively for packages in '/home/cinvestav/project_ws/src/my_nav'
[1.016s] Level 1:colcon.colcon_core.package_identification:_identify(.) by extensions ['ignore', 'ignore_ament_install']
[1.016s] Level 1:colcon.colcon_core.package_identification:_identify(.) by extension 'ignore'
[1.016s] Level 1:colcon.colcon_core.package_identification:_identify(.) by extension 'ignore_ament_install'
[1.016s] Level 1:colcon.colcon_core.package_identification:_identify(.) by extensions ['colcon_pkg']
[1.016s] Level 1:colcon.colcon_core.package_identification:_identify(.) by extension 'colcon_pkg'
[1.016s] Level 1:colcon.colcon_core.package_identification:_identify(.) by extensions ['colcon_meta']
[1.016s] Level 1:colcon.colcon_core.package_identification:_identify(.) by extension 'colcon_meta'
[1.016s] Level 1:colcon.colcon_core.package_identification:_identify(.) by extensions ['ros']
[1.016s] Level 1:colcon.colcon_core.package_identification:_identify(.) by extension 'ros'
[1.027s] DEBUG:colcon.colcon_core.package_identification:Package '.' with type 'ros.ament_python' and name 'my_nav'
[1.027s] Level 1:colcon.colcon_core.package_discovery:discover_packages(recursive) using defaults
[1.027s] Level 1:colcon.colcon_core.package_discovery:discover_packages(ignore) discover
[1.027s] Level 1:colcon.colcon_core.package_discovery:discover_packages(ignore) using defaults
[1.027s] Level 1:colcon.colcon_core.package_discovery:discover_packages(path) discover
[1.027s] Level 1:colcon.colcon_core.package_discovery:discover_packages(path) using defaults
[1.115s] Level 1:colcon.colcon_core.package_discovery:discover_packages(prefix_path) check parameters
[1.115s] Level 1:colcon.colcon_core.package_discovery:discover_packages(prefix_path) discover
[1.145s] DEBUG:colcon.colcon_installed_package_information.package_discovery:Found 2 installed packages in /home/cinvestav/project_ws/install
[1.159s] DEBUG:colcon.colcon_installed_package_information.package_discovery:Found 2 installed packages in /home/cinvestav/project_ws/src/install
[1.173s] DEBUG:colcon.colcon_installed_package_information.package_discovery:Found 1 installed packages in /home/cinvestav/install
[1.196s] DEBUG:colcon.colcon_installed_package_information.package_discovery:Found 1 installed packages in /home/cinvestav/dev_ws/install
[1.211s] DEBUG:colcon.colcon_installed_package_information.package_discovery:Found 1 installed packages in /home/cinvestav/project_ws/src/my_nav/install
[1.226s] DEBUG:colcon.colcon_installed_package_information.package_discovery:Found 385 installed packages in /opt/ros/humble
[1.228s] Level 1:colcon.colcon_core.package_discovery:discover_packages(prefix_path) using defaults
[1.323s] Level 5:colcon.colcon_core.verb:set package 'my_nav' build argument 'cmake_args' from command line to 'None'
[1.323s] Level 5:colcon.colcon_core.verb:set package 'my_nav' build argument 'cmake_target' from command line to 'None'
[1.323s] Level 5:colcon.colcon_core.verb:set package 'my_nav' build argument 'cmake_target_skip_unavailable' from command line to 'False'
[1.323s] Level 5:colcon.colcon_core.verb:set package 'my_nav' build argument 'cmake_clean_cache' from command line to 'False'
[1.323s] Level 5:colcon.colcon_core.verb:set package 'my_nav' build argument 'cmake_clean_first' from command line to 'False'
[1.323s] Level 5:colcon.colcon_core.verb:set package 'my_nav' build argument 'cmake_force_configure' from command line to 'False'
[1.323s] Level 5:colcon.colcon_core.verb:set package 'my_nav' build argument 'ament_cmake_args' from command line to 'None'
[1.323s] Level 5:colcon.colcon_core.verb:set package 'my_nav' build argument 'catkin_cmake_args' from command line to 'None'
[1.323s] Level 5:colcon.colcon_core.verb:set package 'my_nav' build argument 'catkin_skip_building_tests' from command line to 'False'
[1.323s] DEBUG:colcon.colcon_core.verb:Building package 'my_nav' with the following arguments: {'ament_cmake_args': None, 'build_base': '/home/cinvestav/project_ws/src/my_nav/build/my_nav', 'catkin_cmake_args': None, 'catkin_skip_building_tests': False, 'cmake_args': None, 'cmake_clean_cache': False, 'cmake_clean_first': False, 'cmake_force_configure': False, 'cmake_target': None, 'cmake_target_skip_unavailable': False, 'install_base': '/home/cinvestav/project_ws/src/my_nav/install/my_nav', 'merge_install': False, 'path': '/home/cinvestav/project_ws/src/my_nav', 'symlink_install': False, 'test_result_base': None}
[1.337s] INFO:colcon.colcon_core.executor:Executing jobs using 'parallel' executor
[1.352s] DEBUG:colcon.colcon_parallel_executor.executor.parallel:run_until_complete
[1.352s] INFO:colcon.colcon_ros.task.ament_python.build:Building ROS package in '/home/cinvestav/project_ws/src/my_nav' with build type 'ament_python'
[1.352s] Level 1:colcon.colcon_core.shell:create_environment_hook('my_nav', 'ament_prefix_path')
[1.368s] INFO:colcon.colcon_core.plugin_system:Skipping extension 'colcon_core.shell.bat': Not used on non-Windows systems
[1.368s] INFO:colcon.colcon_core.shell:Creating environment hook '/home/cinvestav/project_ws/src/my_nav/install/my_nav/share/my_nav/hook/ament_prefix_path.ps1'
[1.369s] INFO:colcon.colcon_core.shell:Creating environment descriptor '/home/cinvestav/project_ws/src/my_nav/install/my_nav/share/my_nav/hook/ament_prefix_path.dsv'
[1.369s] INFO:colcon.colcon_core.shell:Creating environment hook '/home/cinvestav/project_ws/src/my_nav/install/my_nav/share/my_nav/hook/ament_prefix_path.sh'
[1.384s] INFO:colcon.colcon_core.shell:Skip shell extension 'powershell' for command environment: Not usable outside of PowerShell
[1.384s] DEBUG:colcon.colcon_core.shell:Skip shell extension 'dsv' for command environment
[1.705s] INFO:colcon.colcon_core.task.python.build:Building Python package in '/home/cinvestav/project_ws/src/my_nav'
[1.719s] INFO:colcon.colcon_core.shell:Skip shell extension 'powershell' for command environment: Not usable outside of PowerShell
[1.719s] DEBUG:colcon.colcon_core.shell:Skip shell extension 'dsv' for command environment
[2.172s] DEBUG:colcon.colcon_core.event_handler.log_command:Invoking command in '/home/cinvestav/project_ws/src/my_nav': PYTHONPATH=/home/cinvestav/project_ws/src/my_nav/build/my_nav/prefix_override:/home/cinvestav/project_ws/src/my_nav/install/my_nav/lib/python3.10/site-packages:${PYTHONPATH} /usr/bin/python3 setup.py egg_info --egg-base build/my_nav build --build-base /home/cinvestav/project_ws/src/my_nav/build/my_nav/build install --record /home/cinvestav/project_ws/src/my_nav/build/my_nav/install.log --single-version-externally-managed
[2.424s] DEBUG:colcon.colcon_core.event_handler.log_command:Invoked command in '/home/cinvestav/project_ws/src/my_nav' returned '0': PYTHONPATH=/home/cinvestav/project_ws/src/my_nav/build/my_nav/prefix_override:/home/cinvestav/project_ws/src/my_nav/install/my_nav/lib/python3.10/site-packages:${PYTHONPATH} /usr/bin/python3 setup.py egg_info --egg-base build/my_nav build --build-base /home/cinvestav/project_ws/src/my_nav/build/my_nav/build install --record /home/cinvestav/project_ws/src/my_nav/build/my_nav/install.log --single-version-externally-managed
[2.441s] Level 1:colcon.colcon_core.environment:checking '/home/cinvestav/project_ws/src/my_nav/install/my_nav' for CMake module files
[2.441s] Level 1:colcon.colcon_core.environment:checking '/home/cinvestav/project_ws/src/my_nav/install/my_nav' for CMake config files
[2.442s] Level 1:colcon.colcon_core.environment:checking '/home/cinvestav/project_ws/src/my_nav/install/my_nav/lib'
[2.442s] Level 1:colcon.colcon_core.environment:checking '/home/cinvestav/project_ws/src/my_nav/install/my_nav/bin'
[2.442s] Level 1:colcon.colcon_core.environment:checking '/home/cinvestav/project_ws/src/my_nav/install/my_nav/lib/pkgconfig/my_nav.pc'
[2.442s] Level 1:colcon.colcon_core.environment:checking '/home/cinvestav/project_ws/src/my_nav/install/my_nav/lib/python3.10/site-packages'
[2.442s] Level 1:colcon.colcon_core.shell:create_environment_hook('my_nav', 'pythonpath')
[2.457s] INFO:colcon.colcon_core.shell:Creating environment hook '/home/cinvestav/project_ws/src/my_nav/install/my_nav/share/my_nav/hook/pythonpath.ps1'
[2.457s] INFO:colcon.colcon_core.shell:Creating environment descriptor '/home/cinvestav/project_ws/src/my_nav/install/my_nav/share/my_nav/hook/pythonpath.dsv'
[2.458s] INFO:colcon.colcon_core.shell:Creating environment hook '/home/cinvestav/project_ws/src/my_nav/install/my_nav/share/my_nav/hook/pythonpath.sh'
[2.458s] Level 1:colcon.colcon_core.environment:checking '/home/cinvestav/project_ws/src/my_nav/install/my_nav/bin'
[2.458s] Level 1:colcon.colcon_core.environment:create_environment_scripts_only(my_nav)
[2.473s] INFO:colcon.colcon_core.shell:Creating package script '/home/cinvestav/project_ws/src/my_nav/install/my_nav/share/my_nav/package.ps1'
[2.474s] INFO:colcon.colcon_core.shell:Creating package descriptor '/home/cinvestav/project_ws/src/my_nav/install/my_nav/share/my_nav/package.dsv'
[2.474s] INFO:colcon.colcon_core.shell:Creating package script '/home/cinvestav/project_ws/src/my_nav/install/my_nav/share/my_nav/package.sh'
[2.475s] INFO:colcon.colcon_core.shell:Creating package script '/home/cinvestav/project_ws/src/my_nav/install/my_nav/share/my_nav/package.bash'
[2.475s] INFO:colcon.colcon_core.shell:Creating package script '/home/cinvestav/project_ws/src/my_nav/install/my_nav/share/my_nav/package.zsh'
[2.476s] Level 1:colcon.colcon_core.environment:create_file_with_runtime_dependencies(/home/cinvestav/project_ws/src/my_nav/install/my_nav/share/colcon-core/packages/my_nav)
[2.476s] DEBUG:colcon.colcon_parallel_executor.executor.parallel:closing loop
[2.476s] DEBUG:colcon.colcon_parallel_executor.executor.parallel:loop closed
[2.476s] DEBUG:colcon.colcon_parallel_executor.executor.parallel:run_until_complete finished with '0'
[2.477s] DEBUG:colcon.colcon_core.event_reactor:joining thread
[2.495s] INFO:colcon.colcon_core.plugin_system:Skipping extension 'colcon_notification.desktop_notification.terminal_notifier': Not used on non-Darwin systems
[2.495s] INFO:colcon.colcon_core.plugin_system:Skipping extension 'colcon_notification.desktop_notification.win32': Not used on non-Windows systems
[2.495s] INFO:colcon.colcon_notification.desktop_notification:Sending desktop notification using 'notify2'
[2.504s] DEBUG:colcon.colcon_core.event_reactor:joined thread
[2.518s] INFO:colcon.colcon_core.shell:Creating prefix script '/home/cinvestav/project_ws/src/my_nav/install/local_setup.ps1'
[2.519s] INFO:colcon.colcon_core.shell:Creating prefix util module '/home/cinvestav/project_ws/src/my_nav/install/_local_setup_util_ps1.py'
[2.520s] INFO:colcon.colcon_core.shell:Creating prefix chain script '/home/cinvestav/project_ws/src/my_nav/install/setup.ps1'
[2.536s] INFO:colcon.colcon_core.shell:Creating prefix script '/home/cinvestav/project_ws/src/my_nav/install/local_setup.sh'
[2.536s] INFO:colcon.colcon_core.shell:Creating prefix util module '/home/cinvestav/project_ws/src/my_nav/install/_local_setup_util_sh.py'
[2.536s] INFO:colcon.colcon_core.shell:Creating prefix chain script '/home/cinvestav/project_ws/src/my_nav/install/setup.sh'
[2.552s] INFO:colcon.colcon_core.shell:Creating prefix script '/home/cinvestav/project_ws/src/my_nav/install/local_setup.bash'
[2.552s] INFO:colcon.colcon_core.shell:Creating prefix chain script '/home/cinvestav/project_ws/src/my_nav/install/setup.bash'
[2.567s] INFO:colcon.colcon_core.shell:Creating prefix script '/home/cinvestav/project_ws/src/my_nav/install/local_setup.zsh'
[2.568s] INFO:colcon.colcon_core.shell:Creating prefix chain script '/home/cinvestav/project_ws/src/my_nav/install/setup.zsh'
