[0.781s] Invoking command in '/home/cinvestav/project_ws/src/my_nav': PYTHONPATH=/home/cinvestav/project_ws/src/my_nav/build/my_nav/prefix_override:/home/cinvestav/project_ws/src/my_nav/install/my_nav/lib/python3.10/site-packages:${PYTHONPATH} /usr/bin/python3 setup.py egg_info --egg-base build/my_nav build --build-base /home/cinvestav/project_ws/src/my_nav/build/my_nav/build install --record /home/cinvestav/project_ws/src/my_nav/build/my_nav/install.log --single-version-externally-managed
[0.986s] running egg_info
[0.987s] writing build/my_nav/my_nav.egg-info/PKG-INFO
[0.987s] writing dependency_links to build/my_nav/my_nav.egg-info/dependency_links.txt
[0.987s] writing entry points to build/my_nav/my_nav.egg-info/entry_points.txt
[0.987s] writing requirements to build/my_nav/my_nav.egg-info/requires.txt
[0.987s] writing top-level names to build/my_nav/my_nav.egg-info/top_level.txt
[0.989s] reading manifest file 'build/my_nav/my_nav.egg-info/SOURCES.txt'
[1.012s] writing manifest file 'build/my_nav/my_nav.egg-info/SOURCES.txt'
[1.012s] running build
[1.012s] running build_py
[1.012s] copying my_nav/my_python_node.py -> /home/cinvestav/project_ws/src/my_nav/build/my_nav/build/lib/my_nav
[1.013s] running install
[1.013s] /usr/lib/python3/dist-packages/setuptools/command/install.py:34: SetuptoolsDeprecationWarning: setup.py install is deprecated. Use build and pip and other standards-based tools.
[1.013s]   warnings.warn(
[1.014s] running install_lib
[1.015s] copying /home/cinvestav/project_ws/src/my_nav/build/my_nav/build/lib/my_nav/my_python_node.py -> /home/cinvestav/project_ws/src/my_nav/install/my_nav/lib/python3.10/site-packages/my_nav
[1.016s] byte-compiling /home/cinvestav/project_ws/src/my_nav/install/my_nav/lib/python3.10/site-packages/my_nav/my_python_node.py to my_python_node.cpython-310.pyc
[1.018s] running install_data
[1.019s] running install_egg_info
[1.023s] removing '/home/cinvestav/project_ws/src/my_nav/install/my_nav/lib/python3.10/site-packages/my_nav-0.0.0-py3.10.egg-info' (and everything under it)
[1.023s] Copying build/my_nav/my_nav.egg-info to /home/cinvestav/project_ws/src/my_nav/install/my_nav/lib/python3.10/site-packages/my_nav-0.0.0-py3.10.egg-info
[1.025s] running install_scripts
[1.047s] Installing python_node script to /home/cinvestav/project_ws/src/my_nav/install/my_nav/lib/my_nav
[1.047s] writing list of installed files to '/home/cinvestav/project_ws/src/my_nav/build/my_nav/install.log'
[1.065s] Invoked command in '/home/cinvestav/project_ws/src/my_nav' returned '0': PYTHONPATH=/home/cinvestav/project_ws/src/my_nav/build/my_nav/prefix_override:/home/cinvestav/project_ws/src/my_nav/install/my_nav/lib/python3.10/site-packages:${PYTHONPATH} /usr/bin/python3 setup.py egg_info --egg-base build/my_nav build --build-base /home/cinvestav/project_ws/src/my_nav/build/my_nav/build install --record /home/cinvestav/project_ws/src/my_nav/build/my_nav/install.log --single-version-externally-managed
