[0.867s] Invoking command in '/home/cinvestav/project_ws/src/my_nav': PYTHONPATH=/home/cinvestav/project_ws/src/my_nav/build/my_nav/prefix_override:/home/cinvestav/project_ws/src/my_nav/install/my_nav/lib/python3.10/site-packages:${PYTHONPATH} /usr/bin/python3 setup.py egg_info --egg-base build/my_nav build --build-base /home/cinvestav/project_ws/src/my_nav/build/my_nav/build install --record /home/cinvestav/project_ws/src/my_nav/build/my_nav/install.log --single-version-externally-managed
[1.089s] running egg_info
[1.089s] writing build/my_nav/my_nav.egg-info/PKG-INFO
[1.090s] writing dependency_links to build/my_nav/my_nav.egg-info/dependency_links.txt
[1.090s] writing entry points to build/my_nav/my_nav.egg-info/entry_points.txt
[1.090s] writing requirements to build/my_nav/my_nav.egg-info/requires.txt
[1.090s] writing top-level names to build/my_nav/my_nav.egg-info/top_level.txt
[1.091s] reading manifest file 'build/my_nav/my_nav.egg-info/SOURCES.txt'
[1.092s] writing manifest file 'build/my_nav/my_nav.egg-info/SOURCES.txt'
[1.092s] running build
[1.093s] running build_py
[1.093s] copying my_nav/my_python_node.py -> /home/cinvestav/project_ws/src/my_nav/build/my_nav/build/lib/my_nav
[1.093s] running install
[1.093s] /usr/lib/python3/dist-packages/setuptools/command/install.py:34: SetuptoolsDeprecationWarning: setup.py install is deprecated. Use build and pip and other standards-based tools.
[1.093s]   warnings.warn(
[1.093s] running install_lib
[1.094s] copying /home/cinvestav/project_ws/src/my_nav/build/my_nav/build/lib/my_nav/my_python_node.py -> /home/cinvestav/project_ws/src/my_nav/install/my_nav/lib/python3.10/site-packages/my_nav
[1.094s] byte-compiling /home/cinvestav/project_ws/src/my_nav/install/my_nav/lib/python3.10/site-packages/my_nav/my_python_node.py to my_python_node.cpython-310.pyc
[1.095s] running install_data
[1.095s] running install_egg_info
[1.097s] removing '/home/cinvestav/project_ws/src/my_nav/install/my_nav/lib/python3.10/site-packages/my_nav-0.0.0-py3.10.egg-info' (and everything under it)
[1.098s] Copying build/my_nav/my_nav.egg-info to /home/cinvestav/project_ws/src/my_nav/install/my_nav/lib/python3.10/site-packages/my_nav-0.0.0-py3.10.egg-info
[1.098s] running install_scripts
[1.116s] Installing python_node script to /home/cinvestav/project_ws/src/my_nav/install/my_nav/lib/my_nav
[1.116s] writing list of installed files to '/home/cinvestav/project_ws/src/my_nav/build/my_nav/install.log'
[1.138s] Invoked command in '/home/cinvestav/project_ws/src/my_nav' returned '0': PYTHONPATH=/home/cinvestav/project_ws/src/my_nav/build/my_nav/prefix_override:/home/cinvestav/project_ws/src/my_nav/install/my_nav/lib/python3.10/site-packages:${PYTHONPATH} /usr/bin/python3 setup.py egg_info --egg-base build/my_nav build --build-base /home/cinvestav/project_ws/src/my_nav/build/my_nav/build install --record /home/cinvestav/project_ws/src/my_nav/build/my_nav/install.log --single-version-externally-managed
