[0.785s] Invoking command in '/home/cinvestav/project_ws/src/my_nav': PYTHONPATH=/home/cinvestav/project_ws/src/my_nav/build/my_nav/prefix_override:/home/cinvestav/project_ws/src/my_nav/install/my_nav/lib/python3.10/site-packages:${PYTHONPATH} /usr/bin/python3 setup.py egg_info --egg-base build/my_nav build --build-base /home/cinvestav/project_ws/src/my_nav/build/my_nav/build install --record /home/cinvestav/project_ws/src/my_nav/build/my_nav/install.log --single-version-externally-managed
[0.991s] running egg_info
[0.991s] writing build/my_nav/my_nav.egg-info/PKG-INFO
[0.991s] writing dependency_links to build/my_nav/my_nav.egg-info/dependency_links.txt
[0.991s] writing entry points to build/my_nav/my_nav.egg-info/entry_points.txt
[0.992s] writing requirements to build/my_nav/my_nav.egg-info/requires.txt
[0.992s] writing top-level names to build/my_nav/my_nav.egg-info/top_level.txt
[0.993s] reading manifest file 'build/my_nav/my_nav.egg-info/SOURCES.txt'
[0.994s] writing manifest file 'build/my_nav/my_nav.egg-info/SOURCES.txt'
[0.994s] running build
[0.994s] running build_py
[0.994s] copying my_nav/my_python_node.py -> /home/cinvestav/project_ws/src/my_nav/build/my_nav/build/lib/my_nav
[0.994s] running install
[0.995s] /usr/lib/python3/dist-packages/setuptools/command/install.py:34: SetuptoolsDeprecationWarning: setup.py install is deprecated. Use build and pip and other standards-based tools.
[0.995s]   warnings.warn(
[0.995s] running install_lib
[0.996s] copying /home/cinvestav/project_ws/src/my_nav/build/my_nav/build/lib/my_nav/my_python_node.py -> /home/cinvestav/project_ws/src/my_nav/install/my_nav/lib/python3.10/site-packages/my_nav
[0.996s] byte-compiling /home/cinvestav/project_ws/src/my_nav/install/my_nav/lib/python3.10/site-packages/my_nav/my_python_node.py to my_python_node.cpython-310.pyc
[0.997s] running install_data
[0.997s] running install_egg_info
[0.999s] removing '/home/cinvestav/project_ws/src/my_nav/install/my_nav/lib/python3.10/site-packages/my_nav-0.0.0-py3.10.egg-info' (and everything under it)
[0.999s] Copying build/my_nav/my_nav.egg-info to /home/cinvestav/project_ws/src/my_nav/install/my_nav/lib/python3.10/site-packages/my_nav-0.0.0-py3.10.egg-info
[1.000s] running install_scripts
[1.016s] Installing python_node script to /home/cinvestav/project_ws/src/my_nav/install/my_nav/lib/my_nav
[1.016s] writing list of installed files to '/home/cinvestav/project_ws/src/my_nav/build/my_nav/install.log'
[1.034s] Invoked command in '/home/cinvestav/project_ws/src/my_nav' returned '0': PYTHONPATH=/home/cinvestav/project_ws/src/my_nav/build/my_nav/prefix_override:/home/cinvestav/project_ws/src/my_nav/install/my_nav/lib/python3.10/site-packages:${PYTHONPATH} /usr/bin/python3 setup.py egg_info --egg-base build/my_nav build --build-base /home/cinvestav/project_ws/src/my_nav/build/my_nav/build install --record /home/cinvestav/project_ws/src/my_nav/build/my_nav/install.log --single-version-externally-managed
