running egg_info
writing build/my_nav/my_nav.egg-info/PKG-INFO
writing dependency_links to build/my_nav/my_nav.egg-info/dependency_links.txt
writing entry points to build/my_nav/my_nav.egg-info/entry_points.txt
writing requirements to build/my_nav/my_nav.egg-info/requires.txt
writing top-level names to build/my_nav/my_nav.egg-info/top_level.txt
reading manifest file 'build/my_nav/my_nav.egg-info/SOURCES.txt'
writing manifest file 'build/my_nav/my_nav.egg-info/SOURCES.txt'
running build
running build_py
copying my_nav/my_python_node.py -> /home/cinvestav/project_ws/src/my_nav/build/my_nav/build/lib/my_nav
running install
running install_lib
copying /home/cinvestav/project_ws/src/my_nav/build/my_nav/build/lib/my_nav/my_python_node.py -> /home/cinvestav/project_ws/src/my_nav/install/my_nav/lib/python3.10/site-packages/my_nav
byte-compiling /home/cinvestav/project_ws/src/my_nav/install/my_nav/lib/python3.10/site-packages/my_nav/my_python_node.py to my_python_node.cpython-310.pyc
running install_data
running install_egg_info
removing '/home/cinvestav/project_ws/src/my_nav/install/my_nav/lib/python3.10/site-packages/my_nav-0.0.0-py3.10.egg-info' (and everything under it)
Copying build/my_nav/my_nav.egg-info to /home/cinvestav/project_ws/src/my_nav/install/my_nav/lib/python3.10/site-packages/my_nav-0.0.0-py3.10.egg-info
running install_scripts
Installing python_node script to /home/cinvestav/project_ws/src/my_nav/install/my_nav/lib/my_nav
writing list of installed files to '/home/cinvestav/project_ws/src/my_nav/build/my_nav/install.log'
